{"C:\\Users\\marku\\OneDrive\\Dokumente\\Programmierung\\TypeScript\\katan\\src\\practice002\\practice002.js": {"path":"C:\\Users\\marku\\OneDrive\\Dokumente\\Programmierung\\TypeScript\\katan\\src\\practice002\\practice002.js","all":false,"statementMap":{"0":{"start":{"line":1,"column":0},"end":{"line":1,"column":13}},"1":{"start":{"line":2,"column":0},"end":{"line":2,"column":62}},"2":{"start":{"line":3,"column":0},"end":{"line":3,"column":36}},"3":{"start":{"line":4,"column":0},"end":{"line":4,"column":35}},"4":{"start":{"line":5,"column":0},"end":{"line":5,"column":26}},"5":{"start":{"line":6,"column":0},"end":{"line":6,"column":2}},"6":{"start":{"line":7,"column":0},"end":{"line":7,"column":48}},"7":{"start":{"line":8,"column":0},"end":{"line":8,"column":53}},"8":{"start":{"line":9,"column":0},"end":{"line":9,"column":53}},"9":{"start":{"line":10,"column":0},"end":{"line":10,"column":58}}},"s":{"0":2,"1":2,"2":2,"3":2,"4":18,"5":2,"6":2,"7":2,"8":2,"9":2},"branchMap":{"0":{"type":"branch","line":1,"loc":{"start":{"line":1,"column":0},"end":{"line":10,"column":58}},"locations":[{"start":{"line":1,"column":0},"end":{"line":10,"column":58}}]},"1":{"type":"branch","line":1,"loc":{"start":{"line":1,"column":0},"end":{"line":10,"column":58}},"locations":[{"start":{"line":1,"column":0},"end":{"line":10,"column":58}}]},"2":{"type":"branch","line":4,"loc":{"start":{"line":4,"column":27},"end":{"line":6,"column":1}},"locations":[{"start":{"line":4,"column":27},"end":{"line":6,"column":1}}]}},"b":{"0":[2],"1":[2],"2":[18]},"fnMap":{"0":{"name":"Object.<anonymous>","decl":{"start":{"line":1,"column":0},"end":{"line":10,"column":58}},"loc":{"start":{"line":1,"column":0},"end":{"line":10,"column":58}},"line":1},"1":{"name":"rowSumOfOddNumbers","decl":{"start":{"line":4,"column":27},"end":{"line":6,"column":1}},"loc":{"start":{"line":4,"column":27},"end":{"line":6,"column":1}},"line":4}},"f":{"0":2,"1":18}}
,"C:\\Users\\marku\\OneDrive\\Dokumente\\Programmierung\\TypeScript\\katan\\src\\practice003\\practice003.js": {"path":"C:\\Users\\marku\\OneDrive\\Dokumente\\Programmierung\\TypeScript\\katan\\src\\practice003\\practice003.js","all":false,"statementMap":{"0":{"start":{"line":1,"column":0},"end":{"line":1,"column":13}},"1":{"start":{"line":2,"column":0},"end":{"line":2,"column":62}},"2":{"start":{"line":3,"column":0},"end":{"line":3,"column":30}},"3":{"start":{"line":4,"column":0},"end":{"line":4,"column":28}},"4":{"start":{"line":5,"column":0},"end":{"line":5,"column":38}},"5":{"start":{"line":6,"column":0},"end":{"line":6,"column":1}},"6":{"start":{"line":7,"column":0},"end":{"line":7,"column":36}},"7":{"start":{"line":8,"column":0},"end":{"line":8,"column":44}},"8":{"start":{"line":9,"column":0},"end":{"line":9,"column":46}},"9":{"start":{"line":10,"column":0},"end":{"line":10,"column":48}},"10":{"start":{"line":11,"column":0},"end":{"line":11,"column":49}}},"s":{"0":2,"1":2,"2":2,"3":16,"4":16,"5":16,"6":2,"7":2,"8":2,"9":2,"10":2},"branchMap":{"0":{"type":"branch","line":1,"loc":{"start":{"line":1,"column":0},"end":{"line":11,"column":49}},"locations":[{"start":{"line":1,"column":0},"end":{"line":11,"column":49}}]},"1":{"type":"branch","line":1,"loc":{"start":{"line":1,"column":0},"end":{"line":11,"column":49}},"locations":[{"start":{"line":1,"column":0},"end":{"line":11,"column":49}}]},"2":{"type":"branch","line":4,"loc":{"start":{"line":4,"column":0},"end":{"line":6,"column":1}},"locations":[{"start":{"line":4,"column":0},"end":{"line":6,"column":1}}]}},"b":{"0":[2],"1":[2],"2":[16]},"fnMap":{"0":{"name":"Object.<anonymous>","decl":{"start":{"line":1,"column":0},"end":{"line":11,"column":49}},"loc":{"start":{"line":1,"column":0},"end":{"line":11,"column":49}},"line":1},"1":{"name":"alphaNumeric","decl":{"start":{"line":4,"column":0},"end":{"line":6,"column":1}},"loc":{"start":{"line":4,"column":0},"end":{"line":6,"column":1}},"line":4}},"f":{"0":2,"1":16}}
,"C:\\Users\\marku\\OneDrive\\Dokumente\\Programmierung\\TypeScript\\katan\\src\\practice004\\practice004.js": {"path":"C:\\Users\\marku\\OneDrive\\Dokumente\\Programmierung\\TypeScript\\katan\\src\\practice004\\practice004.js","all":false,"statementMap":{"0":{"start":{"line":1,"column":0},"end":{"line":1,"column":13}},"1":{"start":{"line":2,"column":0},"end":{"line":2,"column":62}},"2":{"start":{"line":3,"column":0},"end":{"line":3,"column":25}},"3":{"start":{"line":4,"column":0},"end":{"line":4,"column":26}},"4":{"start":{"line":5,"column":0},"end":{"line":5,"column":20}},"5":{"start":{"line":6,"column":0},"end":{"line":6,"column":41}},"6":{"start":{"line":7,"column":0},"end":{"line":7,"column":65}},"7":{"start":{"line":8,"column":0},"end":{"line":8,"column":31}},"8":{"start":{"line":9,"column":0},"end":{"line":9,"column":9}},"9":{"start":{"line":10,"column":0},"end":{"line":10,"column":5}},"10":{"start":{"line":11,"column":0},"end":{"line":11,"column":18}},"11":{"start":{"line":12,"column":0},"end":{"line":12,"column":1}},"12":{"start":{"line":13,"column":0},"end":{"line":13,"column":26}},"13":{"start":{"line":14,"column":0},"end":{"line":14,"column":59}},"14":{"start":{"line":15,"column":0},"end":{"line":15,"column":35}},"15":{"start":{"line":16,"column":0},"end":{"line":16,"column":58}}},"s":{"0":1,"1":1,"2":1,"3":6,"4":6,"5":6,"6":14,"7":14,"8":14,"9":14,"10":6,"11":6,"12":1,"13":1,"14":1,"15":1},"branchMap":{"0":{"type":"branch","line":1,"loc":{"start":{"line":1,"column":0},"end":{"line":16,"column":58}},"locations":[{"start":{"line":1,"column":0},"end":{"line":16,"column":58}}]},"1":{"type":"branch","line":1,"loc":{"start":{"line":1,"column":0},"end":{"line":16,"column":58}},"locations":[{"start":{"line":1,"column":0},"end":{"line":16,"column":58}}]},"2":{"type":"branch","line":4,"loc":{"start":{"line":4,"column":0},"end":{"line":12,"column":1}},"locations":[{"start":{"line":4,"column":0},"end":{"line":12,"column":1}}]},"3":{"type":"branch","line":6,"loc":{"start":{"line":6,"column":40},"end":{"line":10,"column":5}},"locations":[{"start":{"line":6,"column":40},"end":{"line":10,"column":5}}]},"4":{"type":"branch","line":7,"loc":{"start":{"line":7,"column":22},"end":{"line":7,"column":61}},"locations":[{"start":{"line":7,"column":22},"end":{"line":7,"column":61}}]}},"b":{"0":[1],"1":[1],"2":[6],"3":[14],"4":[50]},"fnMap":{"0":{"name":"Object.<anonymous>","decl":{"start":{"line":1,"column":0},"end":{"line":16,"column":58}},"loc":{"start":{"line":1,"column":0},"end":{"line":16,"column":58}},"line":1},"1":{"name":"inArray","decl":{"start":{"line":4,"column":0},"end":{"line":12,"column":1}},"loc":{"start":{"line":4,"column":0},"end":{"line":12,"column":1}},"line":4}},"f":{"0":1,"1":6}}
}
