{"C:\\Users\\marku\\OneDrive\\Dokumente\\Programmierung\\TypeScript\\katan\\src\\practice002\\practice002.ts": {"path":"C:\\Users\\marku\\OneDrive\\Dokumente\\Programmierung\\TypeScript\\katan\\src\\practice002\\practice002.ts","all":false,"statementMap":{"0":{"start":{"line":1,"column":0},"end":{"line":1,"column":58}},"1":{"start":{"line":2,"column":0},"end":{"line":2,"column":24}},"2":{"start":{"line":3,"column":0},"end":{"line":3,"column":2}},"3":{"start":{"line":4,"column":0},"end":{"line":4,"column":0}},"4":{"start":{"line":5,"column":0},"end":{"line":5,"column":40}},"5":{"start":{"line":6,"column":0},"end":{"line":6,"column":40}},"6":{"start":{"line":7,"column":0},"end":{"line":7,"column":45}}},"s":{"0":1,"1":9,"2":9,"3":1,"4":1,"5":1,"6":1},"branchMap":{"0":{"type":"branch","line":1,"loc":{"start":{"line":1,"column":34},"end":{"line":3,"column":2}},"locations":[{"start":{"line":1,"column":34},"end":{"line":3,"column":2}}]}},"b":{"0":[9]},"fnMap":{"0":{"name":"rowSumOfOddNumbers","decl":{"start":{"line":1,"column":34},"end":{"line":3,"column":2}},"loc":{"start":{"line":1,"column":34},"end":{"line":3,"column":2}},"line":1}},"f":{"0":9}}
}
