TN:
SF:src\practice002\practice002.js
FN:1,Object.<anonymous>
FN:4,rowSumOfOddNumbers
FNF:2
FNH:2
FNDA:2,Object.<anonymous>
FNDA:18,rowSumOfOddNumbers
DA:1,2
DA:2,2
DA:3,2
DA:4,2
DA:5,18
DA:6,2
DA:7,2
DA:8,2
DA:9,2
DA:10,2
LF:10
LH:10
BRDA:1,0,0,2
BRDA:1,1,0,2
BRDA:4,2,0,18
BRF:3
BRH:3
end_of_record
TN:
SF:src\practice003\practice003.js
FN:1,Object.<anonymous>
FN:4,alphaNumeric
FNF:2
FNH:2
FNDA:2,Object.<anonymous>
FNDA:16,alphaNumeric
DA:1,2
DA:2,2
DA:3,2
DA:4,16
DA:5,16
DA:6,16
DA:7,2
DA:8,2
DA:9,2
DA:10,2
DA:11,2
LF:11
LH:11
BRDA:1,0,0,2
BRDA:1,1,0,2
BRDA:4,2,0,16
BRF:3
BRH:3
end_of_record
TN:
SF:src\practice004\practice004.js
FN:1,Object.<anonymous>
FN:4,inArray
FNF:2
FNH:2
FNDA:1,Object.<anonymous>
FNDA:6,inArray
DA:1,1
DA:2,1
DA:3,1
DA:4,6
DA:5,6
DA:6,6
DA:7,14
DA:8,14
DA:9,14
DA:10,14
DA:11,6
DA:12,6
DA:13,1
DA:14,1
DA:15,1
DA:16,1
LF:16
LH:16
BRDA:1,0,0,1
BRDA:1,1,0,1
BRDA:4,2,0,6
BRDA:6,3,0,14
BRDA:7,4,0,50
BRF:5
BRH:5
end_of_record
